<?xml version="1.0" encoding="UTF-8"?>
<testng-results skipped="0" failed="0" total="1" passed="1">
  <reporter-output>
  </reporter-output>
  <suite name="Default suite" duration-ms="95892" started-at="2018-01-15T03:45:37Z" finished-at="2018-01-15T03:47:13Z">
    <groups>
    </groups>
    <test name="Default test" duration-ms="95892" started-at="2018-01-15T03:45:37Z" finished-at="2018-01-15T03:47:13Z">
      <class name="Pruebas.TestUnit">
        <test-method status="PASS" signature="setUp()[pri:0, instance:Pruebas.TestUnit@1753acfe]" name="setUp" is-config="true" duration-ms="45475" started-at="2018-01-14T21:45:37Z" finished-at="2018-01-14T21:46:22Z">
          <reporter-output>
          </reporter-output>
        </test-method> <!-- setUp -->
        <test-method status="PASS" signature="Main()[pri:0, instance:Pruebas.TestUnit@1753acfe]" name="Main" duration-ms="48808" started-at="2018-01-14T21:46:22Z" finished-at="2018-01-14T21:47:11Z">
          <reporter-output>
          </reporter-output>
        </test-method> <!-- Main -->
        <test-method status="PASS" signature="tearDown()[pri:0, instance:Pruebas.TestUnit@1753acfe]" name="tearDown" is-config="true" duration-ms="1538" started-at="2018-01-14T21:47:11Z" finished-at="2018-01-14T21:47:13Z">
          <reporter-output>
          </reporter-output>
        </test-method> <!-- tearDown -->
      </class> <!-- Pruebas.TestUnit -->
    </test> <!-- Default test -->
  </suite> <!-- Default suite -->
</testng-results>
